<?xml version="1.0" encoding="UTF-8"?>
<!-- Generated by org.testng.reporters.JUnitReportReporter -->
<testsuite skipped="0" hostname="SHARATH" name="saucelabs.LogintoApplication" tests="1" failures="0" timestamp="2021-02-25T23:10:40 IST" time="5.410" errors="0">
  <testcase name="logintosauce" time="5.410" classname="saucelabs.LogintoApplication"/>
  <system-out/>
</testsuite> <!-- saucelabs.LogintoApplication -->
