<?xml version="1.0" encoding="UTF-8"?>
<!-- Generated by org.testng.reporters.JUnitReportReporter -->
<testsuite skipped="1" hostname="SHARATH" name="saucelabs.LogintoApplication" tests="2" failures="0" timestamp="2021-02-28T22:41:19 IST" time="4.551" errors="0">
  <testcase name="logintosauce" time="4.551" classname="saucelabs.LogintoApplication"/>
  <system-out/>
  <testcase name="autowebdriverdependencies" classname="saucelabs.LogintoApplication">
    <skipped/>
  </testcase> <!-- autowebdriverdependencies -->
  <system-out/>
</testsuite> <!-- saucelabs.LogintoApplication -->
